app/build/outputs/mapping/release/seeds.txt
com.hnlens.ai.sports.ViewExerciseActivity
com.hnlens.ai.sports.MainActivity
com.hnlens.ai.sports.ViewExerciseActivity: ViewExerciseActivity()
com.hnlens.ai.sports.ViewExerciseActivity: void onClick(android.view.View)
com.hnlens.ai.sports.MainActivity: MainActivity()
...
com.alibaba.fastjson2.internal.asm.Opcodes: int D2L
com.alibaba.fastjson2.internal.asm.MethodWriter: com.alibaba.fastjson2.internal.asm.MethodWriter mv
androidx.health.connect.client.records.NutritionRecord: androidx.health.connect.client.units.Mass cholesterol
com.alibaba.fastjson2.internal.asm.Opcodes: int BALOAD
androidx.health.connect.client.records.CervicalMucusRecord$Appearance: java.lang.String UNUSUAL
androidx.health.connect.client.records.ExerciseSegment: int EXERCISE_SEGMENT_TYPE_DUMBBELL_LATERAL_RAISE
androidx.health.connect.client.records.BasalMetabolicRateRecord: java.time.Instant time
androidx.health.connect.client.records.ElevationGainedRecord: java.time.ZoneOffset startZoneOffset
androidx.health.connect.client.records.NutritionRecord: androidx.health.connect.client.aggregate.AggregateMetric SATURATED_FAT_TOTAL
androidx.health.connect.client.records.ExerciseSessionRecord: int EXERCISE_TYPE_ROLLER_HOCKEY
androidx.health.connect.client.records.OvulationTestRecord$Result: androidx.health.connect.client.records.OvulationTestRecord$Result INSTANCE
androidx.health.connect.client.records.NutritionRecord: androidx.health.connect.client.aggregate.AggregateMetric MANGANESE_TOTAL
androidx.health.connect.client.records.CyclingPedalingCadenceRecord: java.time.ZoneOffset endZoneOffset
com.hnlens.ai.service.data.HealthConnectAppInfo: android.graphics.drawable.Drawable icon
androidx.health.connect.client.records.ExerciseSegment: int EXERCISE_SEGMENT_TYPE_SIT_UP
androidx.health.connect.client.records.StepsCadenceRecord: java.util.List samples
androidx.health.connect.client.records.HydrationRecord: java.time.Instant endTime
androidx.health.connect.client.records.BasalMetabolicRateRecord: java.lang.String BASAL_CALORIES_TYPE_NAME
androidx.health.connect.client.records.HeartRateVariabilityRmssdRecord: androidx.health.connect.client.records.metadata.Metadata metadata
com.alibaba.fastjson2.internal.asm.Opcodes: int NOP
com.alibaba.fastjson2.reader.ObjectReaderImplValue: java.lang.reflect.Type valueType
com.alibaba.fastjson2.internal.asm.MethodWriter: int maxStack
androidx.health.connect.client.records.ExerciseSegment: int EXERCISE_SEGMENT_TYPE_LEG_EXTENSION
com.alibaba.fastjson2.internal.asm.Opcodes: int ICONST_M1
androidx.health.connect.client.records.metadata.DeviceTypes: java.lang.String WATCH
androidx.health.connect.client.records.BodyTemperatureMeasurementLocation: int MEASUREMENT_LOCATION_UNKNOWN
androidx.health.connect.client.records.RestingHeartRateRecord: androidx.health.connect.client.aggregate.AggregateMetric BPM_MAX
androidx.health.connect.client.records.MealType: int MEAL_TYPE_DINNER
com.alibaba.fastjson2.reader.ObjectReaderImplListInt64: java.lang.Class listType
androidx.health.connect.client.records.BodyWaterMassRecord: androidx.health.connect.client.records.metadata.Metadata metadata
com.hnlens.ai.service.data.ExerciseSessionData: androidx.health.connect.client.units.Energy totalEnergyBurned
androidx.health.connect.client.records.ExerciseRoute$Location: double latitude
androidx.health.connect.client.records.SexualActivityRecord: androidx.health.connect.client.records.metadata.Metadata metadata
androidx.health.connect.client.records.PowerRecord: java.time.ZoneOffset startZoneOffset
com.alibaba.fastjson2.internal.asm.Opcodes: int RET
androidx.health.connect.client.records.BloodPressureRecord$MeasurementLocation: androidx.health.connect.client.records.BloodPressureRecord$MeasurementLocation INSTANCE
androidx.health.connect.client.records.WheelchairPushesRecord: java.time.Instant startTime
com.alibaba.fastjson2.internal.asm.Opcodes: int IDIV
com.alibaba.fastjson2.internal.asm.MethodWriter: int lastBytecodeOffset
com.alibaba.fastjson2.filter.SimplePropertyPreFilter: java.lang.Class clazz
com.alibaba.fastjson2.reader.ObjectReaderImplDate: com.alibaba.fastjson2.reader.ObjectReaderImplDate INSTANCE
com.alibaba.fastjson2.internal.asm.TypeCollector: com.alibaba.fastjson2.internal.asm.MethodCollector collector