app/build/outputs/mapping/release/usage.txt
com.hnlens.ai.sports.MainActivity$MyHandler:
    private static final java.lang.String END_TIME
    private static final java.lang.String EXERCISE_NAME
    private static final java.lang.String START_TIME
com.hnlens.ai.sports.R$array
com.hnlens.ai.sports.R$attr
com.hnlens.ai.sports.R$color
com.hnlens.ai.sports.R$drawable:
    public static int ic_launcher_foreground
    public static int shape_widget_base
    private void <init>()
com.hnlens.ai.sports.R$id:
    public static int bar_chart_view
    public static int btn_date_day
    public static int btn_date_month
    public static int btn_date_week
    public static int detail_back_view
    public static int sports_main_top_view
    private void <init>()
com.hnlens.ai.sports.R$layout:
    private void <init>()
com.hnlens.ai.sports.R$mipmap
com.hnlens.ai.sports.R$string:
    public static int action_add_data
    public static int action_get_data
    public static int action_get_session_data
    public static int data_detail_day
    public static int data_detail_month
    public static int data_detail_week
    public static int delete
    public static int exercise_info
    public static int exercise_name
    public static int sport_main_top_calories_text
    public static int sport_main_top_step_text
    public static int sport_main_top_time_text
    public static int sports_main
    public static int this_is_line_chart
    private void <init>()
com.hnlens.ai.sports.R$style
com.hnlens.ai.sports.R$styleable:
    private void <init>()
com.hnlens.ai.sports.R$xml
com.hnlens.ai.sports.R
com.hnlens.ai.sports.ViewExerciseActivity$MyHandler:
    private static final java.lang.String END_TIME
    private static final java.lang.String EXERCISE_NAME
    private static final java.lang.String START_TIME
com.hnlens.ai.sports.ViewExerciseActivity:
    public static void Log(java.lang.String,java.lang.String)
...
androidx.lifecycle.ViewTreeViewModelStoreOwner$findViewTreeViewModelStoreOwner$2
androidx.lifecycle.ViewTreeViewModelStoreOwner:
    public static final androidx.lifecycle.ViewModelStoreOwner get(android.view.View)
androidx.lifecycle.livedata.R
androidx.lifecycle.livedata.core.R
androidx.lifecycle.livedata.core.ktx.R
androidx.lifecycle.process.R
androidx.lifecycle.runtime.R$id:
    private void <init>()
androidx.lifecycle.runtime.R
androidx.lifecycle.viewmodel.CreationExtras$Empty:
    public java.lang.Object get(androidx.lifecycle.viewmodel.CreationExtras$Key)
androidx.lifecycle.viewmodel.CreationExtras:
    public abstract java.lang.Object get(androidx.lifecycle.viewmodel.CreationExtras$Key)
androidx.lifecycle.viewmodel.InitializerViewModelFactory
androidx.lifecycle.viewmodel.InitializerViewModelFactoryBuilder
androidx.lifecycle.viewmodel.InitializerViewModelFactoryKt
androidx.lifecycle.viewmodel.MutableCreationExtras:
    public java.lang.Object get(androidx.lifecycle.viewmodel.CreationExtras$Key)
androidx.lifecycle.viewmodel.R$id:
    private void <init>()
androidx.lifecycle.viewmodel.R
androidx.lifecycle.viewmodel.ViewModelFactoryDsl
androidx.lifecycle.viewmodel.ViewModelInitializer
androidx.lifecycle.viewmodel.compose.LocalViewModelStoreOwner$LocalViewModelStoreOwner$1
androidx.lifecycle.viewmodel.compose.LocalViewModelStoreOwner
androidx.lifecycle.viewmodel.compose.R
androidx.lifecycle.viewmodel.compose.SavedStateHandleSaveableApi
androidx.lifecycle.viewmodel.compose.SavedStateHandleSaverKt$mutableStateSaver$1$1
androidx.lifecycle.viewmodel.compose.SavedStateHandleSaverKt$mutableStateSaver$1$2
androidx.lifecycle.viewmodel.compose.SavedStateHandleSaverKt$saveable$1$1$1
androidx.lifecycle.viewmodel.compose.SavedStateHandleSaverKt$saveable$3$1
androidx.lifecycle.viewmodel.compose.SavedStateHandleSaverKt
androidx.lifecycle.viewmodel.compose.ViewModelKt
androidx.lifecycle.viewmodel.ktx.R
androidx.lifecycle.viewmodel.savedstate.R
androidx.loader.R$attr
androidx.loader.R$color
androidx.loader.R$dimen
androidx.loader.R$drawable
androidx.loader.R$id
androidx.loader.R$integer
androidx.loader.R$layout
androidx.loader.R$string
androidx.loader.R$style
androidx.loader.R$styleable
androidx.loader.R
androidx.loader.app.LoaderManager$LoaderCallbacks
androidx.loader.app.LoaderManager:
    public abstract void destroyLoader(int)
    public static void enableDebugLogging(boolean)
    public abstract androidx.loader.content.Loader getLoader(int)
    public boolean hasRunningLoaders()
    public abstract androidx.loader.content.Loader initLoader(int,android.os.Bundle,androidx.loader.app.LoaderManager$LoaderCallbacks)
    public abstract void markForRedelivery()
    public abstract androidx.loader.content.Loader restartLoader(int,android.os.Bundle,androidx.loader.app.LoaderManager$LoaderCallbacks)
androidx.loader.app.LoaderManagerImpl$LoaderInfo:
    private final android.os.Bundle mArgs
    private final int mId
    private androidx.lifecycle.LifecycleOwner mLifecycleOwner
    private final androidx.loader.content.Loader mLoader
    private androidx.loader.app.LoaderManagerImpl$LoaderObserver mObserver
    private androidx.loader.content.Loader mPriorLoader
    void <init>(int,android.os.Bundle,androidx.loader.content.Loader,androidx.loader.content.Loader)
    androidx.loader.content.Loader getLoader()
    boolean isCallbackWaitingForData()
    void markForRedelivery()
    protected void onActive()
    protected void onInactive()
    public void onLoadComplete(androidx.loader.content.Loader,java.lang.Object)
    public void removeObserver(androidx.lifecycle.Observer)
    androidx.loader.content.Loader setCallback(androidx.lifecycle.LifecycleOwner,androidx.loader.app.LoaderManager$LoaderCallbacks)
    public void setValue(java.lang.Object)
androidx.loader.app.LoaderManagerImpl$LoaderObserver